Start testing: May 12 18:24 -03
----------------------------------------------------------
1/6 Testing: ejercicio1_secuencial
1/6 Test: ejercicio1_secuencial
Command: "/home/ulises-jeremias/Projects/Github/Facultad-de-Informatica/Cuarto Año/Sistemas Paralelos/Entregas/Entrega 1/build/ejercicio1/ejercicio1_secuencial" "32" "32"
Directory: /home/ulises-jeremias/Projects/Github/Facultad-de-Informatica/Cuarto Año/Sistemas Paralelos/Entregas/Entrega 1/build/ejercicio1
"ejercicio1_secuencial" start time: May 12 18:24 -03
Output:
----------------------------------------------------------
TIME: 21.617082

Success!
<end of output>
Test time =  21.89 sec
----------------------------------------------------------
Test Passed.
"ejercicio1_secuencial" end time: May 12 18:24 -03
"ejercicio1_secuencial" time elapsed: 00:00:21
----------------------------------------------------------

2/6 Testing: ejercicio1_pthread
2/6 Test: ejercicio1_pthread
Command: "/home/ulises-jeremias/Projects/Github/Facultad-de-Informatica/Cuarto Año/Sistemas Paralelos/Entregas/Entrega 1/build/ejercicio1/ejercicio1_pthread" "32" "32" "2"
Directory: /home/ulises-jeremias/Projects/Github/Facultad-de-Informatica/Cuarto Año/Sistemas Paralelos/Entregas/Entrega 1/build/ejercicio1
"ejercicio1_pthread" start time: May 12 18:24 -03
Output:
----------------------------------------------------------
TIME: 21.829661

Success!
<end of output>
Test time =  12.07 sec
----------------------------------------------------------
Test Passed.
"ejercicio1_pthread" end time: May 12 18:24 -03
"ejercicio1_pthread" time elapsed: 00:00:12
----------------------------------------------------------

3/6 Testing: ejercicio1_openmp
3/6 Test: ejercicio1_openmp
Command: "/home/ulises-jeremias/Projects/Github/Facultad-de-Informatica/Cuarto Año/Sistemas Paralelos/Entregas/Entrega 1/build/ejercicio1/ejercicio1_openmp" "32" "32" "2"
Directory: /home/ulises-jeremias/Projects/Github/Facultad-de-Informatica/Cuarto Año/Sistemas Paralelos/Entregas/Entrega 1/build/ejercicio1
"ejercicio1_openmp" start time: May 12 18:24 -03
Output:
----------------------------------------------------------
TIME: 15.718004

Success!
<end of output>
Test time =   7.97 sec
----------------------------------------------------------
Test Passed.
"ejercicio1_openmp" end time: May 12 18:24 -03
"ejercicio1_openmp" time elapsed: 00:00:07
----------------------------------------------------------

4/6 Testing: ejercicio2_secuencial
4/6 Test: ejercicio2_secuencial
Command: "/home/ulises-jeremias/Projects/Github/Facultad-de-Informatica/Cuarto Año/Sistemas Paralelos/Entregas/Entrega 1/build/ejercicio2/ejercicio2_secuencial" "32"
Directory: /home/ulises-jeremias/Projects/Github/Facultad-de-Informatica/Cuarto Año/Sistemas Paralelos/Entregas/Entrega 1/build/ejercicio2
"ejercicio2_secuencial" start time: May 12 18:24 -03
Output:
----------------------------------------------------------
  Time: 0.000001s
<end of output>
Test time =   0.00 sec
----------------------------------------------------------
Test Passed.
"ejercicio2_secuencial" end time: May 12 18:24 -03
"ejercicio2_secuencial" time elapsed: 00:00:00
----------------------------------------------------------

5/6 Testing: ejercicio2_pthread
5/6 Test: ejercicio2_pthread
Command: "/home/ulises-jeremias/Projects/Github/Facultad-de-Informatica/Cuarto Año/Sistemas Paralelos/Entregas/Entrega 1/build/ejercicio2/ejercicio2_pthread" "32" "2"
Directory: /home/ulises-jeremias/Projects/Github/Facultad-de-Informatica/Cuarto Año/Sistemas Paralelos/Entregas/Entrega 1/build/ejercicio2
"ejercicio2_pthread" start time: May 12 18:24 -03
Output:
----------------------------------------------------------
Time: 0.000124s
Success!
<end of output>
Test time =   0.00 sec
----------------------------------------------------------
Test Passed.
"ejercicio2_pthread" end time: May 12 18:24 -03
"ejercicio2_pthread" time elapsed: 00:00:00
----------------------------------------------------------

6/6 Testing: ejercicio2_openmp
6/6 Test: ejercicio2_openmp
Command: "/home/ulises-jeremias/Projects/Github/Facultad-de-Informatica/Cuarto Año/Sistemas Paralelos/Entregas/Entrega 1/build/ejercicio2/ejercicio2_openmp" "32" "2"
Directory: /home/ulises-jeremias/Projects/Github/Facultad-de-Informatica/Cuarto Año/Sistemas Paralelos/Entregas/Entrega 1/build/ejercicio2
"ejercicio2_openmp" start time: May 12 18:24 -03
Output:
----------------------------------------------------------
Time: 0.000002s
Success!
<end of output>
Test time =   0.00 sec
----------------------------------------------------------
Test Passed.
"ejercicio2_openmp" end time: May 12 18:24 -03
"ejercicio2_openmp" time elapsed: 00:00:00
----------------------------------------------------------

End testing: May 12 18:24 -03
